caar: contract violation
  expected: (cons/c pair? any/c)
  given: #<procedure:list>
  context...:
   /afs/cats.ucsc.edu/users/u/wkudsk/UCSC/CS112/asg1-scheme-sbi/./sbi.scm:35:0: interpret-program
==================================================
sbi.scm: "20-goto.sbir"
==================================================
(
(1)
(2)
(3 (goto zero))
(4 four (print "four"))
(5 (goto done))
(6 one (print "one"))
(7 (goto two))
(8 three (print "three"))
(9 (goto four))
(10 two (print "two"))
(11 (goto three))
(12 zero (print "zero"))
(13 (goto one))
(14 done)
)
