caar: contract violation
  expected: (cons/c pair? any/c)
  given: #<procedure:list>
  context...:
   /afs/cats.ucsc.edu/users/u/wkudsk/UCSC/CS112/asg1-scheme-sbi/./sbi.scm:35:0: interpret-program
==================================================
sbi.scm: "25-pi-e-fns.sbir"
==================================================
(
(1)
(2)
(3 (print pi e))
(4 (let pi (* 4 (atan 1))))
(5 (let e (exp 1)))
(6 (print "pi = " pi))
(7 (print "e = " e))
(8)
(9 (print "sqrt ( pi ) = " (sqrt pi)))
(10 (print "exp  ( pi ) = " (exp pi)))
(11 (print "log  ( pi ) = " (log pi)))
(12 (print "sin  ( pi ) = " (sin pi)))
(13 (print "cos  ( pi ) = " (cos pi)))
(14 (print "tan  ( pi ) = " (tan pi)))
(15 (print "acos ( pi ) = " (acos pi)))
(16 (print "asin ( pi ) = " (asin pi)))
(17 (print "atan ( pi ) = " (atan pi)))
(18 (print "abs  ( pi ) = " (abs pi)))
(19 (print "ceil ( pi ) = " (ceil pi)))
(20 (print "floor( pi ) = " (floor pi)))
(21 (print "round( pi ) = " (round pi)))
(22)
)
